Using pre-set license
Built from '2020.3/staging' branch; Version is '2020.3.3f1 (76626098c1c4) revision 7758432'; Using compiler version '192528614'; Build Type 'Release'
OS: 'Windows 10 Pro; OS build 19042.1415; Version 2009; 64bit' Language: 'en' Physical Memory: 8096 MB
BatchMode: 1, IsHumanControllingUs: 0, StartBugReporterOnCrash: 0, Is64bit: 1, IsPro: 0

 COMMAND LINE ARGUMENTS:
C:\Program Files\Unity\Hub\Editor\2020.3.3f1\Editor\Unity.exe
-adb2
-batchMode
-noUpm
-name
AssetImportWorker0
-projectPath
C:/Users/Daim Farooq/Documents/Projects/VROfficeFinal/NewOfficeVRProject
-logFile
Logs/AssetImportWorker0.log
-srvPort
54215
Successfully changed project path to: C:/Users/Daim Farooq/Documents/Projects/VROfficeFinal/NewOfficeVRProject
C:/Users/Daim Farooq/Documents/Projects/VROfficeFinal/NewOfficeVRProject
Using Asset Import Pipeline V2.
Refreshing native plugins compatible for Editor in 168.97 ms, found 3 plugins.
Preloading 0 native plugins for Editor in 0.00 ms.
Initialize engine version: 2020.3.3f1 (76626098c1c4)
[Subsystems] Discovering subsystems at path C:/Program Files/Unity/Hub/Editor/2020.3.3f1/Editor/Data/Resources/UnitySubsystems
[Subsystems] Discovering subsystems at path C:/Users/Daim Farooq/Documents/Projects/VROfficeFinal/NewOfficeVRProject/Assets
GfxDevice: creating device client; threaded=0
Direct3D:
    Version:  Direct3D 11.0 [level 11.1]
    Renderer: Intel(R) HD Graphics Family (ID=0xa16)
    Vendor:   
    VRAM:     2048 MB
    Driver:   20.19.15.4835
Initialize mono
Mono path[0] = 'C:/Program Files/Unity/Hub/Editor/2020.3.3f1/Editor/Data/Managed'
Mono path[1] = 'C:/Program Files/Unity/Hub/Editor/2020.3.3f1/Editor/Data/MonoBleedingEdge/lib/mono/unityjit'
Mono config path = 'C:/Program Files/Unity/Hub/Editor/2020.3.3f1/Editor/Data/MonoBleedingEdge/etc'
Using monoOptions --debugger-agent=transport=dt_socket,embedding=1,server=y,suspend=n,address=127.0.0.1:56376
Begin MonoManager ReloadAssembly
Registering precompiled unity dll's ...
Register platform support module: C:/Program Files/Unity/Hub/Editor/2020.3.3f1/Editor/Data/PlaybackEngines/WindowsStandaloneSupport/UnityEditor.WindowsStandalone.Extensions.dll
Registered in 0.008849 seconds.
Native extension for WindowsStandalone target not found
Refreshing native plugins compatible for Editor in 183.80 ms, found 3 plugins.
Preloading 0 native plugins for Editor in 0.00 ms.
Invoked RoslynAnalysisRunner static constructor.
RoslynAnalysisRunner will not be running.
RoslynAnalysisRunner has terminated.
Mono: successfully reloaded assembly
- Completed reload, in  4.213 seconds
Platform modules already initialized, skipping
Registering precompiled user dll's ...
Registered in 0.006414 seconds.
Begin MonoManager ReloadAssembly
Native extension for WindowsStandalone target not found
Refreshing native plugins compatible for Editor in 149.82 ms, found 3 plugins.
Preloading 0 native plugins for Editor in 0.00 ms.
Invoked RoslynAnalysisRunner static constructor.
RoslynAnalysisRunner will not be running.
RoslynAnalysisRunner has terminated.
Mono: successfully reloaded assembly
- Completed reload, in  2.967 seconds
Platform modules already initialized, skipping
========================================================================
Worker process is ready to serve import requests
Launched and connected shader compiler UnityShaderCompiler.exe after 0.26 seconds
Refreshing native plugins compatible for Editor in 1.27 ms, found 3 plugins.
Preloading 0 native plugins for Editor in 0.00 ms.
Unloading 1963 Unused Serialized files (Serialized files now loaded: 0)
System memory in use before: 111.1 MB.
System memory in use after: 111.2 MB.

Unloading 15 unused Assets to reduce memory usage. Loaded Objects now: 2445.
Total: 6.211100 ms (FindLiveObjects: 0.628000 ms CreateObjectMapping: 0.327800 ms MarkObjects: 4.955300 ms  DeleteObjects: 0.296900 ms)

========================================================================
Received Import Request.
  path: Assets/MariaWork/Scenes/MainMenu.unity
  artifactKey: Guid(40123b077c138d646a557656def2f9da) Importer(815301076,1909f56bfc062723c751e8b465ee728b)
Start importing Assets/MariaWork/Scenes/MainMenu.unity using Guid(40123b077c138d646a557656def2f9da) Importer(815301076,1909f56bfc062723c751e8b465ee728b)  -> (artifact id: 'd58cf82aa877af16f095ed307e7cb214') in 0.067342 seconds
  Import took 0.077101 seconds .

========================================================================
Received Prepare
Registering precompiled user dll's ...
Registered in 0.009195 seconds.
Begin MonoManager ReloadAssembly
Native extension for WindowsStandalone target not found
Refreshing native plugins compatible for Editor in 0.83 ms, found 3 plugins.
Preloading 0 native plugins for Editor in 0.00 ms.
Invoked RoslynAnalysisRunner static constructor.
RoslynAnalysisRunner will not be running.
RoslynAnalysisRunner has terminated.
Mono: successfully reloaded assembly
- Completed reload, in  2.870 seconds
Platform modules already initialized, skipping
Refreshing native plugins compatible for Editor in 3.05 ms, found 3 plugins.
Preloading 0 native plugins for Editor in 0.00 ms.
Unloading 1928 Unused Serialized files (Serialized files now loaded: 0)
System memory in use before: 109.0 MB.
System memory in use after: 109.1 MB.

Unloading 8 unused Assets to reduce memory usage. Loaded Objects now: 2449.
Total: 10.746200 ms (FindLiveObjects: 3.088700 ms CreateObjectMapping: 0.232200 ms MarkObjects: 7.255300 ms  DeleteObjects: 0.166700 ms)

========================================================================
Received Prepare
Registering precompiled user dll's ...
Registered in 0.015298 seconds.
Begin MonoManager ReloadAssembly
Native extension for WindowsStandalone target not found
Refreshing native plugins compatible for Editor in 0.82 ms, found 3 plugins.
Preloading 0 native plugins for Editor in 0.00 ms.
Invoked RoslynAnalysisRunner static constructor.
RoslynAnalysisRunner will not be running.
RoslynAnalysisRunner has terminated.
Mono: successfully reloaded assembly
- Completed reload, in  2.804 seconds
Platform modules already initialized, skipping
Refreshing native plugins compatible for Editor in 1.48 ms, found 3 plugins.
Preloading 0 native plugins for Editor in 0.00 ms.
Unloading 1928 Unused Serialized files (Serialized files now loaded: 0)
System memory in use before: 109.0 MB.
System memory in use after: 109.1 MB.

Unloading 8 unused Assets to reduce memory usage. Loaded Objects now: 2453.
Total: 33.455300 ms (FindLiveObjects: 1.505000 ms CreateObjectMapping: 0.642100 ms MarkObjects: 28.422400 ms  DeleteObjects: 2.882000 ms)

========================================================================
Received Prepare
Registering precompiled user dll's ...
Registered in 0.006121 seconds.
Begin MonoManager ReloadAssembly
Native extension for WindowsStandalone target not found
Refreshing native plugins compatible for Editor in 0.85 ms, found 3 plugins.
Preloading 0 native plugins for Editor in 0.00 ms.
Invoked RoslynAnalysisRunner static constructor.
RoslynAnalysisRunner will not be running.
RoslynAnalysisRunner has terminated.
Mono: successfully reloaded assembly
- Completed reload, in  4.044 seconds
Platform modules already initialized, skipping
Refreshing native plugins compatible for Editor in 1.36 ms, found 3 plugins.
Preloading 0 native plugins for Editor in 0.00 ms.
Unloading 1928 Unused Serialized files (Serialized files now loaded: 0)
System memory in use before: 109.1 MB.
System memory in use after: 109.2 MB.

Unloading 8 unused Assets to reduce memory usage. Loaded Objects now: 2457.
Total: 14.362800 ms (FindLiveObjects: 0.433100 ms CreateObjectMapping: 0.172100 ms MarkObjects: 13.452200 ms  DeleteObjects: 0.300900 ms)

========================================================================
Received Import Request.
  Time since last request: 2201.495184 seconds.
  path: Assets/MariaWork/Scripts/BookHolderSceneCasual.cs
  artifactKey: Guid(d79c61914362cc0429503a53d7ac0a40) Importer(815301076,1909f56bfc062723c751e8b465ee728b)
Start importing Assets/MariaWork/Scripts/BookHolderSceneCasual.cs using Guid(d79c61914362cc0429503a53d7ac0a40) Importer(815301076,1909f56bfc062723c751e8b465ee728b)  -> (artifact id: 'bec3f96af6297aa7ed8f7f4015ebbcbc') in 0.422314 seconds
  Import took 0.442178 seconds .

========================================================================
Received Prepare
Registering precompiled user dll's ...
Registered in 0.022848 seconds.
Begin MonoManager ReloadAssembly
Native extension for WindowsStandalone target not found
Refreshing native plugins compatible for Editor in 1.31 ms, found 3 plugins.
Preloading 0 native plugins for Editor in 0.00 ms.
Invoked RoslynAnalysisRunner static constructor.
RoslynAnalysisRunner will not be running.
RoslynAnalysisRunner has terminated.
Mono: successfully reloaded assembly
- Completed reload, in  3.170 seconds
Platform modules already initialized, skipping
Refreshing native plugins compatible for Editor in 1.28 ms, found 3 plugins.
Preloading 0 native plugins for Editor in 0.00 ms.
Unloading 1929 Unused Serialized files (Serialized files now loaded: 0)
System memory in use before: 109.1 MB.
System memory in use after: 109.2 MB.

Unloading 8 unused Assets to reduce memory usage. Loaded Objects now: 2462.
Total: 21.795900 ms (FindLiveObjects: 1.141200 ms CreateObjectMapping: 2.686200 ms MarkObjects: 17.686500 ms  DeleteObjects: 0.278400 ms)

========================================================================
Received Prepare
Registering precompiled user dll's ...
Registered in 0.012354 seconds.
Begin MonoManager ReloadAssembly
Native extension for WindowsStandalone target not found
Refreshing native plugins compatible for Editor in 1.06 ms, found 3 plugins.
Preloading 0 native plugins for Editor in 0.00 ms.
Invoked RoslynAnalysisRunner static constructor.
RoslynAnalysisRunner will not be running.
RoslynAnalysisRunner has terminated.
Mono: successfully reloaded assembly
- Completed reload, in  2.626 seconds
Platform modules already initialized, skipping
Refreshing native plugins compatible for Editor in 1.57 ms, found 3 plugins.
Preloading 0 native plugins for Editor in 0.00 ms.
Unloading 1929 Unused Serialized files (Serialized files now loaded: 0)
System memory in use before: 109.1 MB.
System memory in use after: 109.2 MB.

Unloading 8 unused Assets to reduce memory usage. Loaded Objects now: 2466.
Total: 8.911600 ms (FindLiveObjects: 0.615100 ms CreateObjectMapping: 0.326500 ms MarkObjects: 7.711900 ms  DeleteObjects: 0.251500 ms)

========================================================================
Received Import Request.
  Time since last request: 167.113538 seconds.
  path: Assets/MariaWork/Scripts/BookHolderSceneCasual.cs
  artifactKey: Guid(d79c61914362cc0429503a53d7ac0a40) Importer(815301076,1909f56bfc062723c751e8b465ee728b)
Start importing Assets/MariaWork/Scripts/BookHolderSceneCasual.cs using Guid(d79c61914362cc0429503a53d7ac0a40) Importer(815301076,1909f56bfc062723c751e8b465ee728b)  -> (artifact id: 'e746f5e49e70832c09c2677764e2a0e1') in 0.042130 seconds
  Import took 0.059489 seconds .

========================================================================
Received Import Request.
  Time since last request: 13.589495 seconds.
  path: Assets/MariaWork/Scenes/OfficeEnvironmentVisualAidLessDense 1.unity
  artifactKey: Guid(7c604ca5cc3be2c458784ccb169deac2) Importer(815301076,1909f56bfc062723c751e8b465ee728b)
Start importing Assets/MariaWork/Scenes/OfficeEnvironmentVisualAidLessDense 1.unity using Guid(7c604ca5cc3be2c458784ccb169deac2) Importer(815301076,1909f56bfc062723c751e8b465ee728b)  -> (artifact id: '23dfd15b4698f72d3748c01fffbc0431') in 0.094635 seconds
  Import took 0.127729 seconds .

========================================================================
Received Import Request.
  Time since last request: 7.186659 seconds.
  path: Assets/MariaWork/Scenes/CausalScene.unity
  artifactKey: Guid(7c604ca5cc3be2c458784ccb169deac2) Importer(815301076,1909f56bfc062723c751e8b465ee728b)
Start importing Assets/MariaWork/Scenes/CausalScene.unity using Guid(7c604ca5cc3be2c458784ccb169deac2) Importer(815301076,1909f56bfc062723c751e8b465ee728b)  -> (artifact id: 'cad9e2a771f5a3ab0594670088f3c6f1') in 0.039796 seconds
  Import took 0.058704 seconds .

========================================================================
Received Prepare
Registering precompiled user dll's ...
Registered in 0.010272 seconds.
Begin MonoManager ReloadAssembly
Native extension for WindowsStandalone target not found
Refreshing native plugins compatible for Editor in 1.56 ms, found 3 plugins.
Preloading 0 native plugins for Editor in 0.00 ms.
Invoked RoslynAnalysisRunner static constructor.
RoslynAnalysisRunner will not be running.
RoslynAnalysisRunner has terminated.
Mono: successfully reloaded assembly
- Completed reload, in  2.590 seconds
Platform modules already initialized, skipping
Refreshing native plugins compatible for Editor in 1.37 ms, found 3 plugins.
Preloading 0 native plugins for Editor in 0.00 ms.
Unloading 1929 Unused Serialized files (Serialized files now loaded: 0)
System memory in use before: 109.1 MB.
System memory in use after: 109.2 MB.

Unloading 8 unused Assets to reduce memory usage. Loaded Objects now: 2470.
Total: 9.276900 ms (FindLiveObjects: 1.819900 ms CreateObjectMapping: 0.338700 ms MarkObjects: 5.713800 ms  DeleteObjects: 1.400700 ms)

========================================================================
Received Prepare
Registering precompiled user dll's ...
Registered in 0.006940 seconds.
Begin MonoManager ReloadAssembly
Native extension for WindowsStandalone target not found
Refreshing native plugins compatible for Editor in 2.10 ms, found 3 plugins.
Preloading 0 native plugins for Editor in 0.00 ms.
Invoked RoslynAnalysisRunner static constructor.
RoslynAnalysisRunner will not be running.
RoslynAnalysisRunner has terminated.
Mono: successfully reloaded assembly
- Completed reload, in  2.728 seconds
Platform modules already initialized, skipping
Refreshing native plugins compatible for Editor in 1.32 ms, found 3 plugins.
Preloading 0 native plugins for Editor in 0.00 ms.
Unloading 1929 Unused Serialized files (Serialized files now loaded: 0)
System memory in use before: 109.2 MB.
System memory in use after: 109.2 MB.

Unloading 8 unused Assets to reduce memory usage. Loaded Objects now: 2474.
Total: 9.181700 ms (FindLiveObjects: 0.682800 ms CreateObjectMapping: 0.322500 ms MarkObjects: 7.998100 ms  DeleteObjects: 0.174500 ms)

========================================================================
Received Import Request.
  Time since last request: 1001.102772 seconds.
  path: Assets/MariaWork/Models/Final-Office/Final-Office.fbx
  artifactKey: Guid(b22b0089ed9d39a42995769af15c10c4) Importer(815301076,1909f56bfc062723c751e8b465ee728b)
Start importing Assets/MariaWork/Models/Final-Office/Final-Office.fbx using Guid(b22b0089ed9d39a42995769af15c10c4) Importer(815301076,1909f56bfc062723c751e8b465ee728b)  -> (artifact id: '867826828874c96738a53d39ffa9cbe5') in 7.313985 seconds
  Import took 7.356990 seconds .

========================================================================
Received Prepare
Registering precompiled user dll's ...
Registered in 0.022316 seconds.
Begin MonoManager ReloadAssembly
Native extension for WindowsStandalone target not found
Refreshing native plugins compatible for Editor in 2.22 ms, found 3 plugins.
Preloading 0 native plugins for Editor in 0.00 ms.
Invoked RoslynAnalysisRunner static constructor.
RoslynAnalysisRunner will not be running.
RoslynAnalysisRunner has terminated.
Mono: successfully reloaded assembly
- Completed reload, in  8.456 seconds
Platform modules already initialized, skipping
Refreshing native plugins compatible for Editor in 8.04 ms, found 3 plugins.
Preloading 0 native plugins for Editor in 0.00 ms.
Unloading 1929 Unused Serialized files (Serialized files now loaded: 0)
System memory in use before: 112.8 MB.
System memory in use after: 112.9 MB.

Unloading 8 unused Assets to reduce memory usage. Loaded Objects now: 2521.
Total: 84.083300 ms (FindLiveObjects: 1.716200 ms CreateObjectMapping: 0.367900 ms MarkObjects: 81.717100 ms  DeleteObjects: 0.243000 ms)

========================================================================
Received Prepare
Registering precompiled user dll's ...
Registered in 0.027882 seconds.
Begin MonoManager ReloadAssembly
Native extension for WindowsStandalone target not found
Refreshing native plugins compatible for Editor in 1.24 ms, found 3 plugins.
Preloading 0 native plugins for Editor in 0.00 ms.
Invoked RoslynAnalysisRunner static constructor.
RoslynAnalysisRunner will not be running.
RoslynAnalysisRunner has terminated.
Mono: successfully reloaded assembly
- Completed reload, in  9.392 seconds
Platform modules already initialized, skipping
Refreshing native plugins compatible for Editor in 1.43 ms, found 3 plugins.
Preloading 0 native plugins for Editor in 0.00 ms.
Unloading 1929 Unused Serialized files (Serialized files now loaded: 0)
System memory in use before: 112.8 MB.
System memory in use after: 112.9 MB.

Unloading 8 unused Assets to reduce memory usage. Loaded Objects now: 2525.
Total: 125.935300 ms (FindLiveObjects: 15.202800 ms CreateObjectMapping: 1.443100 ms MarkObjects: 107.862500 ms  DeleteObjects: 1.421700 ms)

========================================================================
Received Import Request.
  Time since last request: 202.444599 seconds.
  path: Assets/BNG Framework/Scripts/Extras/VREmulator.cs
  artifactKey: Guid(f4b00acd070e37747b9e19b276d11877) Importer(815301076,1909f56bfc062723c751e8b465ee728b)
Start importing Assets/BNG Framework/Scripts/Extras/VREmulator.cs using Guid(f4b00acd070e37747b9e19b276d11877) Importer(815301076,1909f56bfc062723c751e8b465ee728b)  -> (artifact id: '2a571774128c88a50b8751f986bbbaaf') in 0.042553 seconds
  Import took 0.052458 seconds .

========================================================================
Received Import Request.
  Time since last request: 0.066363 seconds.
  path: Assets/BNG Framework/Scripts/Extras/VREmulator.cs
  artifactKey: Guid(f4b00acd070e37747b9e19b276d11877) Importer(815301076,1909f56bfc062723c751e8b465ee728b)
Start importing Assets/BNG Framework/Scripts/Extras/VREmulator.cs using Guid(f4b00acd070e37747b9e19b276d11877) Importer(815301076,1909f56bfc062723c751e8b465ee728b)  -> (artifact id: '2a571774128c88a50b8751f986bbbaaf') in 0.019296 seconds
  Import took 0.028972 seconds .

========================================================================
Received Import Request.
  Time since last request: 73.063592 seconds.
  path: Assets/MariaWork/Scenes/OfficeEnvironmentAudioAidsLess.unity
  artifactKey: Guid(cd0a9db53fdfc6440b2fedcb4fd87543) Importer(815301076,1909f56bfc062723c751e8b465ee728b)
Start importing Assets/MariaWork/Scenes/OfficeEnvironmentAudioAidsLess.unity using Guid(cd0a9db53fdfc6440b2fedcb4fd87543) Importer(815301076,1909f56bfc062723c751e8b465ee728b)  -> (artifact id: '918856a88668fc5a73d9599c61b0ab04') in 0.064826 seconds
  Import took 0.074432 seconds .

========================================================================
Received Prepare
Registering precompiled user dll's ...
Registered in 0.009893 seconds.
Begin MonoManager ReloadAssembly
Native extension for WindowsStandalone target not found
Refreshing native plugins compatible for Editor in 0.85 ms, found 3 plugins.
Preloading 0 native plugins for Editor in 0.00 ms.
Invoked RoslynAnalysisRunner static constructor.
RoslynAnalysisRunner will not be running.
RoslynAnalysisRunner has terminated.
Mono: successfully reloaded assembly
- Completed reload, in  2.773 seconds
Platform modules already initialized, skipping
Refreshing native plugins compatible for Editor in 2.23 ms, found 3 plugins.
Preloading 0 native plugins for Editor in 0.00 ms.
Unloading 1929 Unused Serialized files (Serialized files now loaded: 0)
System memory in use before: 112.8 MB.
System memory in use after: 112.9 MB.

Unloading 8 unused Assets to reduce memory usage. Loaded Objects now: 2529.
Total: 12.232600 ms (FindLiveObjects: 3.607400 ms CreateObjectMapping: 0.341400 ms MarkObjects: 8.055300 ms  DeleteObjects: 0.225300 ms)

========================================================================
Received Prepare
Registering precompiled user dll's ...
Registered in 0.008471 seconds.
Begin MonoManager ReloadAssembly
Native extension for WindowsStandalone target not found
Refreshing native plugins compatible for Editor in 0.82 ms, found 3 plugins.
Preloading 0 native plugins for Editor in 0.00 ms.
Invoked RoslynAnalysisRunner static constructor.
RoslynAnalysisRunner will not be running.
RoslynAnalysisRunner has terminated.
Mono: successfully reloaded assembly
- Completed reload, in  3.201 seconds
Platform modules already initialized, skipping
Refreshing native plugins compatible for Editor in 1.39 ms, found 3 plugins.
Preloading 0 native plugins for Editor in 0.00 ms.
Unloading 1929 Unused Serialized files (Serialized files now loaded: 0)
System memory in use before: 112.8 MB.
System memory in use after: 112.9 MB.

Unloading 8 unused Assets to reduce memory usage. Loaded Objects now: 2533.
Total: 8.693500 ms (FindLiveObjects: 1.758700 ms CreateObjectMapping: 0.331700 ms MarkObjects: 6.389400 ms  DeleteObjects: 0.210100 ms)

========================================================================
Received Prepare
Registering precompiled user dll's ...
Registered in 0.009685 seconds.
Begin MonoManager ReloadAssembly
Native extension for WindowsStandalone target not found
Refreshing native plugins compatible for Editor in 1.95 ms, found 3 plugins.
Preloading 0 native plugins for Editor in 0.00 ms.
Invoked RoslynAnalysisRunner static constructor.
RoslynAnalysisRunner will not be running.
RoslynAnalysisRunner has terminated.
Mono: successfully reloaded assembly
- Completed reload, in  7.161 seconds
Platform modules already initialized, skipping
Refreshing native plugins compatible for Editor in 1.35 ms, found 3 plugins.
Preloading 0 native plugins for Editor in 0.00 ms.
Unloading 1929 Unused Serialized files (Serialized files now loaded: 0)
System memory in use before: 112.8 MB.
System memory in use after: 112.9 MB.

Unloading 8 unused Assets to reduce memory usage. Loaded Objects now: 2537.
Total: 9.522900 ms (FindLiveObjects: 0.655700 ms CreateObjectMapping: 0.328900 ms MarkObjects: 8.324700 ms  DeleteObjects: 0.209700 ms)

========================================================================
Received Prepare
Registering precompiled user dll's ...
Registered in 0.005950 seconds.
Begin MonoManager ReloadAssembly
Native extension for WindowsStandalone target not found
Refreshing native plugins compatible for Editor in 0.91 ms, found 3 plugins.
Preloading 0 native plugins for Editor in 0.00 ms.
Invoked RoslynAnalysisRunner static constructor.
RoslynAnalysisRunner will not be running.
RoslynAnalysisRunner has terminated.
Mono: successfully reloaded assembly
- Completed reload, in  2.695 seconds
Platform modules already initialized, skipping
Refreshing native plugins compatible for Editor in 3.12 ms, found 3 plugins.
Preloading 0 native plugins for Editor in 0.00 ms.
Unloading 1929 Unused Serialized files (Serialized files now loaded: 0)
System memory in use before: 112.8 MB.
System memory in use after: 112.9 MB.

Unloading 8 unused Assets to reduce memory usage. Loaded Objects now: 2541.
Total: 9.640000 ms (FindLiveObjects: 1.825100 ms CreateObjectMapping: 0.415000 ms MarkObjects: 7.162400 ms  DeleteObjects: 0.234000 ms)

========================================================================
Received Prepare
Registering precompiled user dll's ...
Registered in 0.198398 seconds.
Begin MonoManager ReloadAssembly
Native extension for WindowsStandalone target not found
Refreshing native plugins compatible for Editor in 0.85 ms, found 3 plugins.
Preloading 0 native plugins for Editor in 0.00 ms.
Invoked RoslynAnalysisRunner static constructor.
RoslynAnalysisRunner will not be running.
RoslynAnalysisRunner has terminated.
Mono: successfully reloaded assembly
- Completed reload, in  6.109 seconds
Platform modules already initialized, skipping
Refreshing native plugins compatible for Editor in 1.34 ms, found 3 plugins.
Preloading 0 native plugins for Editor in 0.00 ms.
Unloading 1929 Unused Serialized files (Serialized files now loaded: 0)
System memory in use before: 112.8 MB.
System memory in use after: 112.9 MB.

Unloading 8 unused Assets to reduce memory usage. Loaded Objects now: 2545.
Total: 8.222300 ms (FindLiveObjects: 0.523000 ms CreateObjectMapping: 0.185000 ms MarkObjects: 6.981900 ms  DeleteObjects: 0.528000 ms)

========================================================================
Received Prepare
Registering precompiled user dll's ...
Registered in 0.006408 seconds.
Begin MonoManager ReloadAssembly
Native extension for WindowsStandalone target not found
Refreshing native plugins compatible for Editor in 1.41 ms, found 3 plugins.
Preloading 0 native plugins for Editor in 0.00 ms.
Invoked RoslynAnalysisRunner static constructor.
RoslynAnalysisRunner will not be running.
RoslynAnalysisRunner has terminated.
Mono: successfully reloaded assembly
- Completed reload, in  3.247 seconds
Platform modules already initialized, skipping
Refreshing native plugins compatible for Editor in 10.01 ms, found 3 plugins.
Preloading 0 native plugins for Editor in 0.00 ms.
Unloading 1929 Unused Serialized files (Serialized files now loaded: 0)
System memory in use before: 112.9 MB.
System memory in use after: 112.9 MB.

Unloading 8 unused Assets to reduce memory usage. Loaded Objects now: 2549.
Total: 13.208200 ms (FindLiveObjects: 1.911400 ms CreateObjectMapping: 0.844700 ms MarkObjects: 10.213700 ms  DeleteObjects: 0.234900 ms)

========================================================================
Received Prepare
Registering precompiled user dll's ...
Registered in 0.009018 seconds.
Begin MonoManager ReloadAssembly
Native extension for WindowsStandalone target not found
Refreshing native plugins compatible for Editor in 0.88 ms, found 3 plugins.
Preloading 0 native plugins for Editor in 0.00 ms.
Invoked RoslynAnalysisRunner static constructor.
RoslynAnalysisRunner will not be running.
RoslynAnalysisRunner has terminated.
Mono: successfully reloaded assembly
- Completed reload, in  2.893 seconds
Platform modules already initialized, skipping
Refreshing native plugins compatible for Editor in 1.42 ms, found 3 plugins.
Preloading 0 native plugins for Editor in 0.00 ms.
Unloading 1929 Unused Serialized files (Serialized files now loaded: 0)
System memory in use before: 112.9 MB.
System memory in use after: 113.0 MB.

Unloading 8 unused Assets to reduce memory usage. Loaded Objects now: 2553.
Total: 12.428200 ms (FindLiveObjects: 1.162100 ms CreateObjectMapping: 0.703500 ms MarkObjects: 10.039800 ms  DeleteObjects: 0.518700 ms)

========================================================================
Received Prepare
Registering precompiled user dll's ...
Registered in 0.007137 seconds.
Begin MonoManager ReloadAssembly
Native extension for WindowsStandalone target not found
Refreshing native plugins compatible for Editor in 0.86 ms, found 3 plugins.
Preloading 0 native plugins for Editor in 0.00 ms.
Invoked RoslynAnalysisRunner static constructor.
RoslynAnalysisRunner will not be running.
RoslynAnalysisRunner has terminated.
Mono: successfully reloaded assembly
- Completed reload, in  2.876 seconds
Platform modules already initialized, skipping
Refreshing native plugins compatible for Editor in 1.93 ms, found 3 plugins.
Preloading 0 native plugins for Editor in 0.00 ms.
Unloading 1929 Unused Serialized files (Serialized files now loaded: 0)
System memory in use before: 112.9 MB.
System memory in use after: 113.0 MB.

Unloading 8 unused Assets to reduce memory usage. Loaded Objects now: 2557.
Total: 13.287800 ms (FindLiveObjects: 1.171000 ms CreateObjectMapping: 6.273800 ms MarkObjects: 5.615100 ms  DeleteObjects: 0.217600 ms)

AssetImportWorkerClient::OnTransportError - code=2 error=End of file
